Running: C:\Xilinx\14.7\ISE_DS\ISE\bin\nt64\unwrapped\fuse.exe -intstyle ise -incremental -lib unisims_ver -lib unimacro_ver -lib xilinxcorelib_ver -o J:/ecen 220/lab11/lab11/game_isim_beh.exe -prj J:/ecen 220/lab11/lab11/game_beh.prj work.game work.glbl 
ISim P.20131013 (signature 0x7708f090)
Number of CPUs detected in this system: 4
Turning on mult-threading, number of parallel sub-compilation jobs: 8 
Determining compilation order of HDL files
Analyzing Verilog file "J:/ecen 220/lab11/lab11/lab11.v" into library work
Analyzing Verilog file "C:/Xilinx/14.7/ISE_DS/ISE//verilog/src/glbl.v" into library work
Starting static elaboration
Completed static elaboration
Compiling module FF_DCE
Compiling module syncro
Compiling module stateMachine
Compiling module mod10counter
Compiling module mscounter
Compiling module lfsr8bit
Compiling module adder13
Compiling module down13counter
Compiling module delay
Compiling module FF_DCE16best
Compiling module scoringUnit
Compiling module prog_timer
Compiling module mod4
Compiling module mux164
Compiling module decoder47
Compiling module mux41
Compiling module decoder24
Compiling module controller47
Compiling module game
Compiling module glbl
Time Resolution for simulation is 1ps.
Waiting for 1 sub-compilation(s) to finish...
Compiled 20 Verilog Units
Built simulation executable J:/ecen 220/lab11/lab11/game_isim_beh.exe
Fuse Memory Usage: 28936 KB
Fuse CPU Usage: 748 ms
