ISim log file
Running: J:\ecen 220\lab4\lab4\finalfinal_isim_beh.exe -intstyle ise -gui -tclbatch J:/ecen 220/lab4/lab4/tickle.tcl -wdb J:/ecen 220/lab4/lab4/finalfinal_isim_beh.wdb 
ISim P.20131013 (signature 0x8ef4fb42)
----------------------------------------------------------------------
INFO:Security:50 - The XILINXD_LICENSE_FILE environment variable is set to '2100@xilinxlic1.ee.byu.edu'.
INFO:Security:52 - The LM_LICENSE_FILE environment variable is set to '1717@modelsimlic1.ee.byu.edu'.
WARNING:Security:43 - No license file was found in the standard Xilinx license directory.
WARNING:Security:44 - Since no license file was found,
       please run the Xilinx License Configuration Manager
       (xlcm or "Manage Xilinx Licenses")
       to assist in obtaining a license.
WARNING:Security:42 - Your software subscription period has lapsed. Your current version of Xilinx tools will continue to function, but you no longer qualify for Xilinx software updates or new releases.


----------------------------------------------------------------------
This is a Full version of ISim.
Time resolution is 1 ps
# wave add / -radix hex
# isim force add N0 0 -time 0 -value 1 -time 10ns -repeat 20ns
# isim force add N1 0 -time 0 -value 1 -time 20ns -repeat 40ns
# isim force add N2 0 -time 0 -value 1 -time 40ns -repeat 80ns
# isim force add N3 0 -time 0 -value 1 -time 80ns -repeat 160ns
# run 160ns
Simulator is doing circuit initialization process.
Finished circuit initialization process.
