ISim log file
Running: J:\ecen 220\lab5\ALU4bit_isim_beh.exe -intstyle ise -gui -tclbatch J:/ecen 220/lab5/ALU4bit.tcl -wdb J:/ecen 220/lab5/ALU4bit_isim_beh.wdb 
ISim P.20131013 (signature 0x7708f090)
----------------------------------------------------------------------
INFO:Security:51 - The XILINXD_LICENSE_FILE environment variable is not set.
INFO:Security:52 - The LM_LICENSE_FILE environment variable is set to '1717@modelsimlic1.ee.byu.edu;2100@xilinxlic1.ee.byu.edu;5280@cadencelic1.ee.byu.edu'.
WARNING:Security:43 - No license file was found in the standard Xilinx license directory.
WARNING:Security:44 - Since no license file was found,
       please run the Xilinx License Configuration Manager
       (xlcm or "Manage Xilinx Licenses")
       to assist in obtaining a license.
WARNING:Security:42 - Your software subscription period has lapsed. Your current version of Xilinx tools will continue to function, but you no longer qualify for Xilinx software updates or new releases.


----------------------------------------------------------------------
This is a Full version of ISim.
Time resolution is 1 ps
# wave add / -radix hex
# isim force add sel 00 -time 0 -value 01 -time 10ns -value 10 -time 20ns -value 11 -time 30ns
# isim force add a 0101
# isim force add b 0011
# isim force add cin 0
# run 40ns
Simulator is doing circuit initialization process.
Finished circuit initialization process.
