Release 14.7 - xst P.20131013 (nt64)
Copyright (c) 1995-2013 Xilinx, Inc.  All rights reserved.
--> Parameter TMPDIR set to xst/projnav.tmp


Total REAL time to Xst completion: 1.00 secs
Total CPU time to Xst completion: 0.48 secs
 
--> Parameter xsthdpdir set to xst


Total REAL time to Xst completion: 1.00 secs
Total CPU time to Xst completion: 0.49 secs
 
--> Reading design: delay.prj

TABLE OF CONTENTS
  1) Synthesis Options Summary
  2) HDL Compilation
  3) Design Hierarchy Analysis
  4) HDL Analysis
  5) HDL Synthesis
     5.1) HDL Synthesis Report
  6) Advanced HDL Synthesis
     6.1) Advanced HDL Synthesis Report
  7) Low Level Synthesis
  8) Partition Report
  9) Final Report
	9.1) Device utilization summary
	9.2) Partition Resource Summary
	9.3) TIMING REPORT


=========================================================================
*                      Synthesis Options Summary                        *
=========================================================================
---- Source Parameters
Input File Name                    : "delay.prj"
Input Format                       : mixed
Ignore Synthesis Constraint File   : NO

---- Target Parameters
Output File Name                   : "delay"
Output Format                      : NGC
Target Device                      : xc3s500e-4-fg320

---- Source Options
Top Module Name                    : delay
Automatic FSM Extraction           : YES
FSM Encoding Algorithm             : Auto
Safe Implementation                : No
FSM Style                          : LUT
RAM Extraction                     : Yes
RAM Style                          : Auto
ROM Extraction                     : Yes
Mux Style                          : Auto
Decoder Extraction                 : YES
Priority Encoder Extraction        : Yes
Shift Register Extraction          : YES
Logical Shifter Extraction         : YES
XOR Collapsing                     : YES
ROM Style                          : Auto
Mux Extraction                     : Yes
Resource Sharing                   : YES
Asynchronous To Synchronous        : NO
Multiplier Style                   : Auto
Automatic Register Balancing       : No

---- Target Options
Add IO Buffers                     : YES
Global Maximum Fanout              : 100000
Add Generic Clock Buffer(BUFG)     : 24
Register Duplication               : YES
Slice Packing                      : YES
Optimize Instantiated Primitives   : NO
Use Clock Enable                   : Yes
Use Synchronous Set                : Yes
Use Synchronous Reset              : Yes
Pack IO Registers into IOBs        : Auto
Equivalent register Removal        : YES

---- General Options
Optimization Goal                  : Speed
Optimization Effort                : 1
Keep Hierarchy                     : No
Netlist Hierarchy                  : As_Optimized
RTL Output                         : Yes
Global Optimization                : AllClockNets
Read Cores                         : YES
Write Timing Constraints           : NO
Cross Clock Analysis               : NO
Hierarchy Separator                : /
Bus Delimiter                      : <>
Case Specifier                     : Maintain
Slice Utilization Ratio            : 100
BRAM Utilization Ratio             : 100
Verilog 2001                       : YES
Auto BRAM Packing                  : NO
Slice Utilization Ratio Delta      : 5

=========================================================================


=========================================================================
*                          HDL Compilation                              *
=========================================================================
Compiling verilog file "lab10.v" in library work
Module <FF_DCE> compiled
Module <FF_DCE16> compiled
Module <FF_DCE16best> compiled
Module <adder13> compiled
Module <lfsr8bit> compiled
Module <down13counter> compiled
Module <delay> compiled
Module <scoringUnit> compiled
No errors in compilation
Analysis of file <"delay.prj"> succeeded.
 

=========================================================================
*                     Design Hierarchy Analysis                         *
=========================================================================
Analyzing hierarchy for module <delay> in library <work>.

Analyzing hierarchy for module <lfsr8bit> in library <work>.

Analyzing hierarchy for module <adder13> in library <work>.

Analyzing hierarchy for module <down13counter> in library <work>.

Analyzing hierarchy for module <FF_DCE> in library <work>.


=========================================================================
*                            HDL Analysis                               *
=========================================================================
Analyzing top module <delay>.
Module <delay> is correct for synthesis.
 
Analyzing module <lfsr8bit> in library <work>.
Module <lfsr8bit> is correct for synthesis.
 
Analyzing module <FF_DCE> in library <work>.
Module <FF_DCE> is correct for synthesis.
 
Analyzing module <adder13> in library <work>.
Module <adder13> is correct for synthesis.
 
Analyzing module <down13counter> in library <work>.
Module <down13counter> is correct for synthesis.
 

=========================================================================
*                           HDL Synthesis                               *
=========================================================================

Performing bidirectional port resolution...

Synthesizing Unit <adder13>.
    Related source file is "lab10.v".
    Found 13-bit adder for signal <sum>.
    Summary:
	inferred   1 Adder/Subtractor(s).
Unit <adder13> synthesized.


Synthesizing Unit <down13counter>.
    Related source file is "lab10.v".
    Found 13-bit down counter for signal <q>.
    Summary:
	inferred   1 Counter(s).
Unit <down13counter> synthesized.


Synthesizing Unit <FF_DCE>.
    Related source file is "lab10.v".
    Found 1-bit register for signal <q>.
    Summary:
	inferred   1 D-type flip-flop(s).
Unit <FF_DCE> synthesized.


Synthesizing Unit <lfsr8bit>.
    Related source file is "lab10.v".
    Found 1-bit xor2 for signal <w5a>.
    Found 1-bit xor2 for signal <w6a>.
    Found 1-bit xor2 for signal <w7a>.
Unit <lfsr8bit> synthesized.


Synthesizing Unit <delay>.
    Related source file is "lab10.v".
WARNING:Xst:646 - Signal <bla> is assigned but never used. This unconnected signal will be trimmed during the optimization process.
Unit <delay> synthesized.


=========================================================================
HDL Synthesis Report

Macro Statistics
# Adders/Subtractors                                   : 1
 13-bit adder                                          : 1
# Counters                                             : 1
 13-bit down counter                                   : 1
# Registers                                            : 8
 1-bit register                                        : 8
# Xors                                                 : 3
 1-bit xor2                                            : 3

=========================================================================

=========================================================================
*                       Advanced HDL Synthesis                          *
=========================================================================


=========================================================================
Advanced HDL Synthesis Report

Macro Statistics
# Adders/Subtractors                                   : 1
 13-bit adder                                          : 1
# Counters                                             : 1
 13-bit down counter                                   : 1
# Registers                                            : 8
 Flip-Flops                                            : 8
# Xors                                                 : 3
 1-bit xor2                                            : 3

=========================================================================

=========================================================================
*                         Low Level Synthesis                           *
=========================================================================

Optimizing unit <delay> ...

Optimizing unit <lfsr8bit> ...

Mapping all equations...
Building and optimizing final netlist ...
Found area constraint ratio of 100 (+ 5) on block delay, actual ratio is 0.

Final Macro Processing ...

=========================================================================
Final Register Report

Macro Statistics
# Registers                                            : 21
 Flip-Flops                                            : 21

=========================================================================

=========================================================================
*                           Partition Report                            *
=========================================================================

Partition Implementation Status
-------------------------------

  No Partitions were found in this design.

-------------------------------

=========================================================================
*                            Final Report                               *
=========================================================================
Final Results
RTL Top Level Output File Name     : delay.ngr
Top Level Output File Name         : delay
Output Format                      : NGC
Optimization Goal                  : Speed
Keep Hierarchy                     : No

Design Statistics
# IOs                              : 5

Cell Usage :
# BELS                             : 58
#      GND                         : 1
#      LUT2                        : 5
#      LUT3                        : 13
#      LUT4                        : 12
#      MUXCY                       : 12
#      MUXF5                       : 1
#      VCC                         : 1
#      XORCY                       : 13
# FlipFlops/Latches                : 21
#      FDE                         : 13
#      FDSE                        : 8
# Clock Buffers                    : 1
#      BUFGP                       : 1
# IO Buffers                       : 4
#      IBUF                        : 3
#      OBUF                        : 1
=========================================================================

Device utilization summary:
---------------------------

Selected Device : 3s500efg320-4 

 Number of Slices:                       21  out of   4656     0%  
 Number of Slice Flip Flops:             21  out of   9312     0%  
 Number of 4 input LUTs:                 30  out of   9312     0%  
 Number of IOs:                           5
 Number of bonded IOBs:                   5  out of    232     2%  
 Number of GCLKs:                         1  out of     24     4%  

---------------------------
Partition Resource Summary:
---------------------------

  No Partitions were found in this design.

---------------------------


=========================================================================
TIMING REPORT

NOTE: THESE TIMING NUMBERS ARE ONLY A SYNTHESIS ESTIMATE.
      FOR ACCURATE TIMING INFORMATION PLEASE REFER TO THE TRACE REPORT
      GENERATED AFTER PLACE-and-ROUTE.

Clock Information:
------------------
-----------------------------------+------------------------+-------+
Clock Signal                       | Clock buffer(FF name)  | Load  |
-----------------------------------+------------------------+-------+
clk                                | BUFGP                  | 21    |
-----------------------------------+------------------------+-------+

Asynchronous Control Signals Information:
----------------------------------------
No asynchronous control signals found in this design

Timing Summary:
---------------
Speed Grade: -4

   Minimum period: 5.028ns (Maximum Frequency: 198.886MHz)
   Minimum input arrival time before clock: 6.003ns
   Maximum output required time after clock: 7.089ns
   Maximum combinational path delay: No path found

Timing Detail:
--------------
All values displayed in nanoseconds (ns)

=========================================================================
Timing constraint: Default period analysis for Clock 'clk'
  Clock period: 5.028ns (frequency: 198.886MHz)
  Total number of paths / destination ports: 241 / 21
-------------------------------------------------------------------------
Delay:               5.028ns (Levels of Logic = 8)
  Source:            lfsr/seg4/q (FF)
  Destination:       dC/q_12 (FF)
  Source Clock:      clk rising
  Destination Clock: clk rising

  Data Path: lfsr/seg4/q to dC/q_12
                                Gate     Net
    Cell:in->out      fanout   Delay   Delay  Logical Name (Net Name)
    ----------------------------------------  ------------
     FDSE:C->Q             4   0.591   0.762  lfsr/seg4/q (lfsr/seg4/q)
     LUT3:I0->O            1   0.704   0.455  a13/Madd_sum_xor<6>11 (addSum<7>)
     LUT3:I2->O            1   0.704   0.000  dC/Mcount_q_lut<7> (dC/Mcount_q_lut<7>)
     MUXCY:S->O            1   0.464   0.000  dC/Mcount_q_cy<7> (dC/Mcount_q_cy<7>)
     MUXCY:CI->O           1   0.059   0.000  dC/Mcount_q_cy<8> (dC/Mcount_q_cy<8>)
     MUXCY:CI->O           1   0.059   0.000  dC/Mcount_q_cy<9> (dC/Mcount_q_cy<9>)
     MUXCY:CI->O           1   0.059   0.000  dC/Mcount_q_cy<10> (dC/Mcount_q_cy<10>)
     MUXCY:CI->O           0   0.059   0.000  dC/Mcount_q_cy<11> (dC/Mcount_q_cy<11>)
     XORCY:CI->O           1   0.804   0.000  dC/Mcount_q_xor<12> (dC/Mcount_q12)
     FDE:D                     0.308          dC/q_12
    ----------------------------------------
    Total                      5.028ns (3.811ns logic, 1.217ns route)
                                       (75.8% logic, 24.2% route)

=========================================================================
Timing constraint: Default OFFSET IN BEFORE for Clock 'clk'
  Total number of paths / destination ports: 152 / 42
-------------------------------------------------------------------------
Offset:              6.003ns (Levels of Logic = 6)
  Source:            ld (PAD)
  Destination:       dC/q_12 (FF)
  Destination Clock: clk rising

  Data Path: ld to dC/q_12
                                Gate     Net
    Cell:in->out      fanout   Delay   Delay  Logical Name (Net Name)
    ----------------------------------------  ------------
     IBUF:I->O            18   1.218   1.243  ld_IBUF (ld_IBUF)
     LUT3:I0->O            1   0.704   0.499  a13/Madd_sum_xor<9>11_SW0 (N01)
     LUT4:I1->O            1   0.704   0.000  dC/Mcount_q_lut<10> (dC/Mcount_q_lut<10>)
     MUXCY:S->O            1   0.464   0.000  dC/Mcount_q_cy<10> (dC/Mcount_q_cy<10>)
     MUXCY:CI->O           0   0.059   0.000  dC/Mcount_q_cy<11> (dC/Mcount_q_cy<11>)
     XORCY:CI->O           1   0.804   0.000  dC/Mcount_q_xor<12> (dC/Mcount_q12)
     FDE:D                     0.308          dC/q_12
    ----------------------------------------
    Total                      6.003ns (4.261ns logic, 1.742ns route)
                                       (71.0% logic, 29.0% route)

=========================================================================
Timing constraint: Default OFFSET OUT AFTER for Clock 'clk'
  Total number of paths / destination ports: 13 / 1
-------------------------------------------------------------------------
Offset:              7.089ns (Levels of Logic = 4)
  Source:            dC/q_1 (FF)
  Destination:       done (PAD)
  Source Clock:      clk rising

  Data Path: dC/q_1 to done
                                Gate     Net
    Cell:in->out      fanout   Delay   Delay  Logical Name (Net Name)
    ----------------------------------------  ------------
     FDE:C->Q              2   0.591   0.622  dC/q_1 (dC/q_1)
     LUT4:I0->O            1   0.704   0.000  dC/clken_cmp_eq0000541 (dC/clken_cmp_eq0000541)
     MUXF5:I0->O           1   0.321   0.455  dC/clken_cmp_eq000054_f5 (dC/clken_cmp_eq000054)
     LUT3:I2->O            1   0.704   0.420  dC/clken_cmp_eq000058 (done_OBUF)
     OBUF:I->O                 3.272          done_OBUF (done)
    ----------------------------------------
    Total                      7.089ns (5.592ns logic, 1.497ns route)
                                       (78.9% logic, 21.1% route)

=========================================================================


Total REAL time to Xst completion: 9.00 secs
Total CPU time to Xst completion: 9.01 secs
 
--> 

Total memory usage is 256980 kilobytes

Number of errors   :    0 (   0 filtered)
Number of warnings :    1 (   0 filtered)
Number of infos    :    0 (   0 filtered)

